android_old/app/build/intermediates/manifest_merge_blame_file/debug/processDebugMainManifest/manifest-merger-blame-debug-report.txt
1<?xml version="1.0" encoding="utf-8"?>
2<manifest xmlns:android="http://schemas.android.com/apk/res/android"
3    package="com.nural.quran"
4    android:versionCode="1"
5    android:versionName="1.0" >
6
7    <uses-sdk
8        android:minSdkVersion="22"
9        android:targetSdkVersion="35" />
10
11    <!-- Permissions -->
12
13    <uses-permission android:name="android.permission.INTERNET" />
13-->src\main\AndroidManifest.xml:40:5-67
13-->src\main\AndroidManifest.xml:40:22-64
14    <uses-permission android:name="android.permission.RECORD_AUDIO" />
14-->src\main\AndroidManifest.xml:41:5-71
14-->src\main\AndroidManifest.xml:41:22-68
15    <uses-permission android:name="android.permission.VIBRATE" />
15-->src\main\AndroidManifest.xml:42:5-66
15-->src\main\AndroidManifest.xml:42:22-63
16    <uses-permission android:name="android.permission.POST_NOTIFICATIONS" />
16-->src\main\AndroidManifest.xml:43:5-77
16-->src\main\AndroidManifest.xml:43:22-74
17    <uses-permission android:name="android.permission.RECEIVE_BOOT_COMPLETED" />
17-->src\main\AndroidManifest.xml:44:5-81
17-->src\main\AndroidManifest.xml:44:22-78
18    <uses-permission android:name="android.permission.SCHEDULE_EXACT_ALARM" />
18-->src\main\AndroidManifest.xml:45:5-79
18-->src\main\AndroidManifest.xml:45:22-76
19    <uses-permission android:name="android.permission.USE_EXACT_ALARM" />
19-->src\main\AndroidManifest.xml:46:5-74
19-->src\main\AndroidManifest.xml:46:22-71
20
21    <queries>
21-->[:capacitor-community-speech-recognition] AndroidManifest.xml:9:5-13:15
22        <intent>
22-->[:capacitor-community-speech-recognition] AndroidManifest.xml:10:9-12:18
23            <action android:name="android.speech.RecognitionService" />
23-->[:capacitor-community-speech-recognition] AndroidManifest.xml:11:13-72
23-->[:capacitor-community-speech-recognition] AndroidManifest.xml:11:21-69
24        </intent>
25    </queries>
26
27    <uses-permission android:name="android.permission.WAKE_LOCK" />
27-->[:capacitor-local-notifications] AndroidManifest.xml:8:5-68
27-->[:capacitor-local-notifications] AndroidManifest.xml:8:22-65
28
29    <permission
29-->[androidx.core:core:1.10.0] AndroidManifest.xml:22:5-24:47
30        android:name="com.nural.quran.DYNAMIC_RECEIVER_NOT_EXPORTED_PERMISSION"
30-->[androidx.core:core:1.10.0] AndroidManifest.xml:23:9-81
31        android:protectionLevel="signature" />
31-->[androidx.core:core:1.10.0] AndroidManifest.xml:24:9-44
32
33    <uses-permission android:name="com.nural.quran.DYNAMIC_RECEIVER_NOT_EXPORTED_PERMISSION" />
33-->[androidx.core:core:1.10.0] AndroidManifest.xml:26:5-97
33-->[androidx.core:core:1.10.0] AndroidManifest.xml:26:22-94
34
35    <application
35-->src\main\AndroidManifest.xml:4:5-36:19
36        android:allowBackup="true"
36-->src\main\AndroidManifest.xml:5:9-35
37        android:appComponentFactory="androidx.core.app.CoreComponentFactory"
37-->[androidx.core:core:1.10.0] AndroidManifest.xml:28:18-86
38        android:debuggable="true"
39        android:extractNativeLibs="true"
40        android:icon="@mipmap/ic_launcher"
40-->src\main\AndroidManifest.xml:6:9-43
41        android:label="@string/app_name"
41-->src\main\AndroidManifest.xml:7:9-41
42        android:roundIcon="@mipmap/ic_launcher_round"
42-->src\main\AndroidManifest.xml:8:9-54
43        android:supportsRtl="true"
43-->src\main\AndroidManifest.xml:9:9-35
44        android:theme="@style/AppTheme" >
44-->src\main\AndroidManifest.xml:10:9-40
45        <activity
45-->src\main\AndroidManifest.xml:12:9-25:20
46            android:name="com.nural.quran.MainActivity"
46-->src\main\AndroidManifest.xml:14:13-41
47            android:configChanges="orientation|keyboardHidden|keyboard|screenSize|locale|smallestScreenSize|screenLayout|uiMode"
47-->src\main\AndroidManifest.xml:13:13-129
48            android:exported="true"
48-->src\main\AndroidManifest.xml:18:13-36
49            android:label="@string/title_activity_main"
49-->src\main\AndroidManifest.xml:15:13-56
50            android:launchMode="singleTask"
50-->src\main\AndroidManifest.xml:17:13-44
51            android:theme="@style/AppTheme.NoActionBarLaunch" >
51-->src\main\AndroidManifest.xml:16:13-62
52            <intent-filter>
52-->src\main\AndroidManifest.xml:20:13-23:29
53                <action android:name="android.intent.action.MAIN" />
53-->src\main\AndroidManifest.xml:21:17-69
53-->src\main\AndroidManifest.xml:21:25-66
54
55                <category android:name="android.intent.category.LAUNCHER" />
55-->src\main\AndroidManifest.xml:22:17-77
55-->src\main\AndroidManifest.xml:22:27-74
56            </intent-filter>
57        </activity>
58
59        <provider
60            android:name="androidx.core.content.FileProvider"
60-->src\main\AndroidManifest.xml:28:13-62
61            android:authorities="com.nural.quran.fileprovider"
61-->src\main\AndroidManifest.xml:29:13-64
62            android:exported="false"
62-->src\main\AndroidManifest.xml:30:13-37
63            android:grantUriPermissions="true" >
63-->src\main\AndroidManifest.xml:31:13-47
64            <meta-data
64-->src\main\AndroidManifest.xml:32:13-34:64
65                android:name="android.support.FILE_PROVIDER_PATHS"
65-->src\main\AndroidManifest.xml:33:17-67
66                android:resource="@xml/file_paths" />
66-->src\main\AndroidManifest.xml:34:17-51
67        </provider>
68
69        <receiver android:name="com.capacitorjs.plugins.localnotifications.TimedNotificationPublisher" />
69-->[:capacitor-local-notifications] AndroidManifest.xml:12:9-106
69-->[:capacitor-local-notifications] AndroidManifest.xml:12:19-103
70        <receiver android:name="com.capacitorjs.plugins.localnotifications.NotificationDismissReceiver" />
70-->[:capacitor-local-notifications] AndroidManifest.xml:13:9-107
70-->[:capacitor-local-notifications] AndroidManifest.xml:13:19-104
71        <receiver
71-->[:capacitor-local-notifications] AndroidManifest.xml:14:9-23:20
72            android:name="com.capacitorjs.plugins.localnotifications.LocalNotificationRestoreReceiver"
72-->[:capacitor-local-notifications] AndroidManifest.xml:15:13-103
73            android:directBootAware="true"
73-->[:capacitor-local-notifications] AndroidManifest.xml:16:13-43
74            android:exported="false" >
74-->[:capacitor-local-notifications] AndroidManifest.xml:17:13-37
75            <intent-filter>
75-->[:capacitor-local-notifications] AndroidManifest.xml:18:13-22:29
76                <action android:name="android.intent.action.LOCKED_BOOT_COMPLETED" />
76-->[:capacitor-local-notifications] AndroidManifest.xml:19:17-86
76-->[:capacitor-local-notifications] AndroidManifest.xml:19:25-83
77                <action android:name="android.intent.action.BOOT_COMPLETED" />
77-->[:capacitor-local-notifications] AndroidManifest.xml:20:17-79
77-->[:capacitor-local-notifications] AndroidManifest.xml:20:25-76
78                <action android:name="android.intent.action.QUICKBOOT_POWERON" />
78-->[:capacitor-local-notifications] AndroidManifest.xml:21:17-82
78-->[:capacitor-local-notifications] AndroidManifest.xml:21:25-79
79            </intent-filter>
80        </receiver>
81
82        <provider
82-->[androidx.emoji2:emoji2:1.2.0] AndroidManifest.xml:24:9-32:20
83            android:name="androidx.startup.InitializationProvider"
83-->[androidx.emoji2:emoji2:1.2.0] AndroidManifest.xml:25:13-67
84            android:authorities="com.nural.quran.androidx-startup"
84-->[androidx.emoji2:emoji2:1.2.0] AndroidManifest.xml:26:13-68
85            android:exported="false" >
85-->[androidx.emoji2:emoji2:1.2.0] AndroidManifest.xml:27:13-37
86            <meta-data
86-->[androidx.emoji2:emoji2:1.2.0] AndroidManifest.xml:29:13-31:52
87                android:name="androidx.emoji2.text.EmojiCompatInitializer"
87-->[androidx.emoji2:emoji2:1.2.0] AndroidManifest.xml:30:17-75
88                android:value="androidx.startup" />
88-->[androidx.emoji2:emoji2:1.2.0] AndroidManifest.xml:31:17-49
89            <meta-data
89-->[androidx.lifecycle:lifecycle-process:2.6.1] AndroidManifest.xml:29:13-31:52
90                android:name="androidx.lifecycle.ProcessLifecycleInitializer"
90-->[androidx.lifecycle:lifecycle-process:2.6.1] AndroidManifest.xml:30:17-78
91                android:value="androidx.startup" />
91-->[androidx.lifecycle:lifecycle-process:2.6.1] AndroidManifest.xml:31:17-49
92            <meta-data
92-->[androidx.profileinstaller:profileinstaller:1.3.0] AndroidManifest.xml:29:13-31:52
93                android:name="androidx.profileinstaller.ProfileInstallerInitializer"
93-->[androidx.profileinstaller:profileinstaller:1.3.0] AndroidManifest.xml:30:17-85
94                android:value="androidx.startup" />
94-->[androidx.profileinstaller:profileinstaller:1.3.0] AndroidManifest.xml:31:17-49
95        </provider>
96
97        <receiver
97-->[androidx.profileinstaller:profileinstaller:1.3.0] AndroidManifest.xml:34:9-52:20
98            android:name="androidx.profileinstaller.ProfileInstallReceiver"
98-->[androidx.profileinstaller:profileinstaller:1.3.0] AndroidManifest.xml:35:13-76
99            android:directBootAware="false"
99-->[androidx.profileinstaller:profileinstaller:1.3.0] AndroidManifest.xml:36:13-44
100            android:enabled="true"
100-->[androidx.profileinstaller:profileinstaller:1.3.0] AndroidManifest.xml:37:13-35
101            android:exported="true"
101-->[androidx.profileinstaller:profileinstaller:1.3.0] AndroidManifest.xml:38:13-36
102            android:permission="android.permission.DUMP" >
102-->[androidx.profileinstaller:profileinstaller:1.3.0] AndroidManifest.xml:39:13-57
103            <intent-filter>
103-->[androidx.profileinstaller:profileinstaller:1.3.0] AndroidManifest.xml:40:13-42:29
104                <action android:name="androidx.profileinstaller.action.INSTALL_PROFILE" />
104-->[androidx.profileinstaller:profileinstaller:1.3.0] AndroidManifest.xml:41:17-91
104-->[androidx.profileinstaller:profileinstaller:1.3.0] AndroidManifest.xml:41:25-88
105            </intent-filter>
106            <intent-filter>
106-->[androidx.profileinstaller:profileinstaller:1.3.0] AndroidManifest.xml:43:13-45:29
107                <action android:name="androidx.profileinstaller.action.SKIP_FILE" />
107-->[androidx.profileinstaller:profileinstaller:1.3.0] AndroidManifest.xml:44:17-85
107-->[androidx.profileinstaller:profileinstaller:1.3.0] AndroidManifest.xml:44:25-82
108            </intent-filter>
109            <intent-filter>
109-->[androidx.profileinstaller:profileinstaller:1.3.0] AndroidManifest.xml:46:13-48:29
110                <action android:name="androidx.profileinstaller.action.SAVE_PROFILE" />
110-->[androidx.profileinstaller:profileinstaller:1.3.0] AndroidManifest.xml:47:17-88
110-->[androidx.profileinstaller:profileinstaller:1.3.0] AndroidManifest.xml:47:25-85
111            </intent-filter>
112            <intent-filter>
112-->[androidx.profileinstaller:profileinstaller:1.3.0] AndroidManifest.xml:49:13-51:29
113                <action android:name="androidx.profileinstaller.action.BENCHMARK_OPERATION" />
113-->[androidx.profileinstaller:profileinstaller:1.3.0] AndroidManifest.xml:50:17-95
113-->[androidx.profileinstaller:profileinstaller:1.3.0] AndroidManifest.xml:50:25-92
114            </intent-filter>
115        </receiver>
116    </application>
117
118</manifest>